
=== Sat Mar  5 20:15:12 2022

Packages were changed.
Update Mode: updateDependencies

The following packages were added:
  com.unity.ide.visualstudio@2.0.14
The following packages were updated:
  com.unity.collab-proxy from version 1.2.16 to 1.14.12
  com.unity.ext.nunit from version 1.0.0 to 1.0.6
  com.unity.ide.rider from version 1.1.0 to 1.2.1
  com.unity.ide.vscode from version 1.1.2 to 1.2.4
  com.unity.render-pipelines.lightweight from version 6.9.2 to 7.3.1
  com.unity.test-framework from version 1.0.13 to 1.1.30
  com.unity.textmeshpro from version 2.0.1 to 2.1.4
  com.unity.timeline from version 1.1.0 to 1.2.18

=== Wed Jun 22 00:09:50 2022

Packages were changed.
Update Mode: updateDependencies

The following packages were updated:
  com.unity.collab-proxy from version 1.14.12 to 1.14.18
  com.unity.ide.visualstudio from version 2.0.14 to 2.0.15
  com.unity.ide.vscode from version 1.2.4 to 1.2.5
  com.unity.test-framework from version 1.1.30 to 1.1.31
